<?xml version="1.0" encoding="UTF-8"?>
<testsuite name="com.concretepage.CalculatorControllerTest" tests="1" skipped="0" failures="0" errors="0" timestamp="2023-10-03T06:06:34" hostname="DEL1-LHP-N82047" time="0.098">
  <properties/>
  <testcase name="testAddition()" classname="com.concretepage.CalculatorControllerTest" time="0.098"/>
  <system-out><![CDATA[11:36:28.958 [Test worker] DEBUG org.springframework.boot.test.context.SpringBootTestContextBootstrapper - Neither @ContextConfiguration nor @ContextHierarchy found for test class [CalculatorControllerTest]: using SpringBootContextLoader
11:36:28.987 [Test worker] DEBUG org.springframework.test.context.support.AbstractContextLoader - Could not detect default resource locations for test class [com.concretepage.CalculatorControllerTest]: no resource found for suffixes {-context.xml, Context.groovy}.
11:36:29.157 [Test worker] DEBUG org.springframework.boot.test.context.SpringBootTestContextBootstrapper - Using ContextCustomizers for test class [CalculatorControllerTest]: [DisableObservabilityContextCustomizer, PropertyMappingContextCustomizer, Customizer, ImportsContextCustomizer, ExcludeFilterContextCustomizer, DuplicateJsonObjectContextCustomizer, MockitoContextCustomizer, TestRestTemplateContextCustomizer]
11:36:29.446 [Test worker] DEBUG org.springframework.test.context.util.TestContextSpringFactoriesUtils - Skipping candidate TestExecutionListener [org.springframework.test.context.transaction.TransactionalTestExecutionListener] due to a missing dependency. Specify custom TestExecutionListener classes or make the default TestExecutionListener classes and their required dependencies available. Offending class: [org/springframework/transaction/interceptor/TransactionAttributeSource]
11:36:29.450 [Test worker] DEBUG org.springframework.test.context.util.TestContextSpringFactoriesUtils - Skipping candidate TestExecutionListener [org.springframework.test.context.jdbc.SqlScriptsTestExecutionListener] due to a missing dependency. Specify custom TestExecutionListener classes or make the default TestExecutionListener classes and their required dependencies available. Offending class: [org/springframework/transaction/interceptor/TransactionAttribute]
11:36:29.455 [Test worker] DEBUG org.springframework.boot.test.context.SpringBootTestContextBootstrapper - Using TestExecutionListeners for test class [CalculatorControllerTest]: [ServletTestExecutionListener, DirtiesContextBeforeModesTestExecutionListener, ApplicationEventsTestExecutionListener, MockitoTestExecutionListener, DependencyInjectionTestExecutionListener, DirtiesContextTestExecutionListener, EventPublishingTestExecutionListener, RestDocsTestExecutionListener, MockRestServiceServerResetTestExecutionListener, MockMvcPrintOnlyOnFailureTestExecutionListener, WebDriverTestExecutionListener, MockWebServiceServerTestExecutionListener, ResetMocksTestExecutionListener]
11:36:29.458 [Test worker] DEBUG org.springframework.test.context.support.AbstractDirtiesContextTestExecutionListener - Before test class: class [CalculatorControllerTest], class annotated with @DirtiesContext [false] with mode [null]

  .   ____          _            __ _ _
 /\\ / ___'_ __ _ _(_)_ __  __ _ \ \ \ \
( ( )\___ | '_ | '_| | '_ \/ _` | \ \ \ \
 \\/  ___)| |_)| | | | | || (_| |  ) ) ) )
  '  |____| .__|_| |_|_| |_\__, | / / / /
 =========|_|==============|___/=/_/_/_/
 :: Spring Boot ::                (v3.0.4)

2023-10-03T11:36:30.215+05:30  INFO 60192 --- [    Test worker] c.concretepage.CalculatorControllerTest  : Starting CalculatorControllerTest using Java 17.0.5 with PID 60192 (started by sejal.mirani in D:\demo4)
2023-10-03T11:36:30.219+05:30  INFO 60192 --- [    Test worker] c.concretepage.CalculatorControllerTest  : No active profile set, falling back to 1 default profile: "default"
2023-10-03T11:36:30.948+05:30  INFO 60192 --- [    Test worker] o.s.b.t.m.w.SpringBootMockServletContext : Initializing Spring TestDispatcherServlet ''
2023-10-03T11:36:30.948+05:30  INFO 60192 --- [    Test worker] o.s.t.web.servlet.TestDispatcherServlet  : Initializing Servlet ''
2023-10-03T11:36:31.274+05:30  INFO 60192 --- [    Test worker] o.s.t.web.servlet.TestDispatcherServlet  : Completed initialization in 320 ms
2023-10-03T11:36:31.377+05:30  INFO 60192 --- [    Test worker] c.concretepage.CalculatorControllerTest  : Started CalculatorControllerTest in 1.8 seconds (process running for 4.804)
]]></system-out>
  <system-err><![CDATA[]]></system-err>
</testsuite>
